[2017-08-23 18:43:38 +0000] [26409] [INFO] Starting gunicorn 19.7.1
[2017-08-23 18:43:38 +0000] [26409] [INFO] Listening at: http://127.0.0.1:8000 (26409)
[2017-08-23 18:43:38 +0000] [26409] [INFO] Using worker: sync
[2017-08-23 18:43:38 +0000] [26414] [INFO] Booting worker with pid: 26414
[2017-08-23 18:43:59 +0000] [26409] [INFO] Handling signal: term
[2017-08-23 18:43:59 +0000] [26414] [INFO] Worker exiting (pid: 26414)
[2017-08-23 18:43:59 +0000] [26409] [INFO] Shutting down: Master
[2017-08-23 18:44:05 +0000] [26430] [INFO] Starting gunicorn 19.7.1
[2017-08-23 18:44:05 +0000] [26430] [INFO] Listening at: http://127.0.0.1:8000 (26430)
[2017-08-23 18:44:05 +0000] [26430] [INFO] Using worker: sync
[2017-08-23 18:44:05 +0000] [26435] [INFO] Booting worker with pid: 26435
[2017-08-23 18:46:04 +0000] [26430] [INFO] Handling signal: term
[2017-08-23 18:46:04 +0000] [26435] [INFO] Worker exiting (pid: 26435)
[2017-08-23 18:46:04 +0000] [26430] [INFO] Shutting down: Master
[2017-08-23 18:46:18 +0000] [26456] [INFO] Starting gunicorn 19.7.1
[2017-08-23 18:46:18 +0000] [26456] [ERROR] Retrying in 1 second.
[2017-08-23 18:46:19 +0000] [26456] [ERROR] Retrying in 1 second.
[2017-08-23 18:46:20 +0000] [26456] [ERROR] Retrying in 1 second.
[2017-08-23 18:46:21 +0000] [26456] [ERROR] Retrying in 1 second.
[2017-08-23 18:46:22 +0000] [26456] [ERROR] Retrying in 1 second.
[2017-08-23 18:46:23 +0000] [26456] [ERROR] Can't connect to ('0.0.0.6969', 8000)
[2017-08-23 18:47:15 +0000] [26471] [INFO] Starting gunicorn 19.7.1
[2017-08-23 18:47:15 +0000] [26471] [INFO] Listening at: http://0.0.0.0:6969 (26471)
[2017-08-23 18:47:15 +0000] [26471] [INFO] Using worker: sync
[2017-08-23 18:47:15 +0000] [26476] [INFO] Booting worker with pid: 26476
[2018-10-19 12:13:01 +0000] [26471] [CRITICAL] WORKER TIMEOUT (pid:26476)
[2018-10-19 12:13:01 +0000] [26476] [INFO] Worker exiting (pid: 26476)
[2018-10-19 12:13:01 +0000] [16781] [INFO] Booting worker with pid: 16781
[2018-11-09 12:07:43 +0000] [26471] [CRITICAL] WORKER TIMEOUT (pid:16781)
[2018-11-09 12:07:43 +0000] [16781] [INFO] Worker exiting (pid: 16781)
[2018-11-09 12:07:43 +0000] [643] [INFO] Booting worker with pid: 643
[2018-11-09 12:15:45 +0000] [26471] [CRITICAL] WORKER TIMEOUT (pid:643)
[2018-11-09 12:15:45 +0000] [643] [INFO] Worker exiting (pid: 643)
[2018-11-09 12:15:45 +0000] [648] [INFO] Booting worker with pid: 648
